<?xml version="1.0" encoding="UTF-8"?>
<testng-results ignored="0" total="3" passed="3" failed="0" skipped="0">
  <reporter-output>
  </reporter-output>
  <suite started-at="2020-12-07T05:32:45Z" name="Default suite" finished-at="2020-12-07T05:36:04Z" duration-ms="198415">
    <groups>
    </groups>
    <test started-at="2020-12-07T05:32:45Z" name="Default test" finished-at="2020-12-07T05:36:04Z" duration-ms="198415">
      <class name="com.testexecution.Tc001">
        <test-method is-config="true" signature="setProps()[pri:0, instance:com.testexecution.Tc001@1198b989]" started-at="2020-12-07T05:32:45Z" name="setProps" finished-at="2020-12-07T05:33:06Z" duration-ms="20289" status="PASS">
          <reporter-output>
          </reporter-output>
        </test-method> <!-- setProps -->
        <test-method signature="Header()[pri:1, instance:com.testexecution.Tc001@1198b989]" started-at="2020-12-07T05:33:06Z" name="Header" finished-at="2020-12-07T05:34:08Z" duration-ms="62308" status="PASS">
          <reporter-output>
          </reporter-output>
        </test-method> <!-- Header -->
        <test-method signature="bodyTest()[pri:2, instance:com.testexecution.Tc001@1198b989]" started-at="2020-12-07T05:34:08Z" name="bodyTest" finished-at="2020-12-07T05:34:22Z" duration-ms="14201" status="PASS">
          <reporter-output>
          </reporter-output>
        </test-method> <!-- bodyTest -->
        <test-method signature="footerTest()[pri:3, instance:com.testexecution.Tc001@1198b989]" started-at="2020-12-07T05:34:22Z" name="footerTest" finished-at="2020-12-07T05:35:57Z" duration-ms="95299" status="PASS">
          <reporter-output>
          </reporter-output>
        </test-method> <!-- footerTest -->
        <test-method is-config="true" signature="closeBrowser()[pri:0, instance:com.testexecution.Tc001@1198b989]" started-at="2020-12-07T05:35:57Z" name="closeBrowser" finished-at="2020-12-07T05:36:04Z" duration-ms="6302" status="PASS">
          <reporter-output>
          </reporter-output>
        </test-method> <!-- closeBrowser -->
      </class> <!-- com.testexecution.Tc001 -->
    </test> <!-- Default test -->
  </suite> <!-- Default suite -->
</testng-results>
